<?xml version="1.0" encoding="UTF-8" ?>
<testsuite errors="0" failures="1" hostname="DESKTOP-8MPUBK" name="wordle.WModelTest" skipped="0" tests="3" time="0.092" timestamp="2022-04-23T11:33:25">
  <properties>
[...]
</properties>
  <testcase classname="wordle.WModelTest" name="testIsGuessInWords_True" time="0.011" />
  <testcase classname="wordle.WModelTest" name="testIsGuessInWords_False" time="0.0" />
  <testcase classname="wordle.WModelTest" name="setGuessStateColor" time="0.004">
    <failure message="PreCon: Enter States from NO_STATE - YELLOW_STATE" type="junit.framework.AssertionFailedError">junit.framework.AssertionFailedError: PreCon: Enter States from NO_STATE - YELLOW_STATE
	at wordle.WModel.setGuessStateColor(WModel.java:74)
	at wordle.WModelTest.setGuessStateColor(WModelTest.java:26)
	at java.base/jdk.internal.reflect.NativeMethodAccessorImpl.invoke0(Native Method)
	at java.base/jdk.internal.reflect.NativeMethodAccessorImpl.invoke(NativeMethodAccessorImpl.java:64)
	at java.base/jdk.internal.reflect.DelegatingMethodAccessorImpl.invoke(DelegatingMethodAccessorImpl.java:43)
</failure>
  </testcase>
  <system-out><![CDATA[]]></system-out>
  <system-err><![CDATA[]]></system-err>
</testsuite>
